c:\users\franco\documents\vip senior (ids 4918)\circgr-api\circgr-api\circgr-api\debug\vc141.pdb
c:\users\franco\documents\vip senior (ids 4918)\circgr-api\circgr-api\circgr-api\debug\vc141.idb
c:\users\franco\documents\vip senior (ids 4918)\circgr-api\circgr-api\circgr-api\debug\circgesture.obj
c:\users\franco\documents\vip senior (ids 4918)\circgr-api\circgr-api\circgr-api\debug\circgr.obj
c:\users\franco\documents\vip senior (ids 4918)\circgr-api\circgr-api\circgr-api\debug\geometry.obj
c:\users\franco\documents\vip senior (ids 4918)\circgr-api\circgr-api\circgr-api\debug\gesture.obj
c:\users\franco\documents\vip senior (ids 4918)\circgr-api\circgr-api\circgr-api\debug\point.obj
c:\users\franco\documents\vip senior (ids 4918)\circgr-api\circgr-api\circgr-api\debug\pointmap.obj
c:\users\franco\documents\vip senior (ids 4918)\circgr-api\circgr-api\circgr-api\debug\start.obj
c:\users\franco\documents\vip senior (ids 4918)\circgr-api\circgr-api\circgr-api\debug\circclassifier.obj
c:\users\franco\documents\vip senior (ids 4918)\circgr-api\circgr-api\debug\circgr-api.pdb
c:\users\franco\documents\vip senior (ids 4918)\circgr-api\circgr-api\circgr-api\debug\circgr-api.tlog\cl.command.1.tlog
c:\users\franco\documents\vip senior (ids 4918)\circgr-api\circgr-api\circgr-api\debug\circgr-api.tlog\cl.read.1.tlog
c:\users\franco\documents\vip senior (ids 4918)\circgr-api\circgr-api\circgr-api\debug\circgr-api.tlog\cl.write.1.tlog
c:\users\franco\documents\vip senior (ids 4918)\circgr-api\circgr-api\circgr-api\debug\circgr-api.tlog\link-cvtres.read.1.tlog
c:\users\franco\documents\vip senior (ids 4918)\circgr-api\circgr-api\circgr-api\debug\circgr-api.tlog\link-cvtres.write.1.tlog
c:\users\franco\documents\vip senior (ids 4918)\circgr-api\circgr-api\circgr-api\debug\circgr-api.tlog\link-rc.read.1.tlog
c:\users\franco\documents\vip senior (ids 4918)\circgr-api\circgr-api\circgr-api\debug\circgr-api.tlog\link-rc.write.1.tlog
c:\users\franco\documents\vip senior (ids 4918)\circgr-api\circgr-api\circgr-api\debug\circgr-api.tlog\link.command.1.tlog
c:\users\franco\documents\vip senior (ids 4918)\circgr-api\circgr-api\circgr-api\debug\circgr-api.tlog\link.read.1.tlog
c:\users\franco\documents\vip senior (ids 4918)\circgr-api\circgr-api\circgr-api\debug\circgr-api.tlog\link.write.1.tlog
